{
  "flow_run_id": "run_dataops_macro_daily_abf548e57a97",
  "window": {
    "start": "2020-01-01",
    "end": "2026-04-13"
  },
  "macro_daily": {
    "run_id": "run_macro_daily_894b2c791d6a",
    "asset_name": "macro_daily",
    "status": "fresh",
    "started_at": "2026-04-16T22:08:59.705050+00:00",
    "ended_at": "2026-04-16T22:09:07.734141+00:00",
    "symbols_requested": [
      "VIX",
      "VIX3M",
      "VVIX",
      "10Y_Treasury_Yield",
      "2Y_Treasury_Yield",
      "High_Yield_Spread",
      "TED_Spread",
      "CPI_Headline",
      "CPI_Core",
      "UNRATE",
      "U6RATE",
      "ICSA",
      "CIVPART",
      "WTI",
      "Gasoline_US_Regular",
      "NatGas_HenryHub",
      "DBC"
    ],
    "symbols_succeeded": [
      "10Y_Treasury_Yield",
      "2Y_Treasury_Yield",
      "CIVPART",
      "CPI_Core",
      "CPI_Headline",
      "DBC",
      "Gasoline_US_Regular",
      "High_Yield_Spread",
      "ICSA",
      "NatGas_HenryHub",
      "TED_Spread",
      "U6RATE",
      "UNRATE",
      "VIX",
      "VIX3M",
      "VVIX",
      "WTI"
    ],
    "symbols_failed": [],
    "retry_exhausted_symbols": [],
    "rows_written": 43633,
    "error_messages": []
  },
  "asset_status": [
    {
      "asset_key": "macro_observations",
      "asset_type": "macro",
      "provider": "yfinance",
      "last_success_at": "2026-04-13T00:00:00+00:00",
      "last_available_date": "2026-04-13",
      "freshness_status": "fresh",
      "coverage_status": "fresh",
      "reason": "rows_written=15753; run_id=run_macro_daily_894b2c791d6a",
      "updated_at": "2026-04-16T22:09:07.737492+00:00"
    },
    {
      "asset_key": "macro_daily",
      "asset_type": "macro",
      "provider": "data_ops",
      "last_success_at": "2026-04-13T00:00:00+00:00",
      "last_available_date": "2026-04-13",
      "freshness_status": "stale_within_tolerance",
      "coverage_status": "fresh",
      "reason": "rows_written=27863; run_id=run_dataops_macro_daily_abf548e57a97_macro_daily",
      "updated_at": "2026-04-16T22:09:07.737492+00:00"
    },
    {
      "asset_key": "data_ops_publish_pipeline_macro",
      "asset_type": "pipeline",
      "provider": "data_ops",
      "last_success_at": "2026-04-16T22:09:24.256853+00:00",
      "last_available_date": "2026-04-16",
      "freshness_status": "fresh",
      "coverage_status": "fresh",
      "reason": "success; run_id=run_dataops_macro_daily_abf548e57a97",
      "updated_at": "2026-04-16T22:09:24.256891+00:00"
    }
  ],
  "published": {
    "macro": {
      "macro_series_catalog": {
        "status_code": 200,
        "data": null,
        "table": "macro_series_catalog",
        "rows": 17
      },
      "macro_observations": {
        "status_code": 200,
        "data": null,
        "table": "macro_observations",
        "rows": 15753
      },
      "macro_daily": {
        "status_code": 200,
        "data": null,
        "table": "macro_daily",
        "rows": 27701
      },
      "mv_latest_macro_observations": {
        "status_code": 204,
        "data": null
      },
      "mv_latest_economic_release_calendar": {
        "status_code": 204,
        "data": null
      }
    },
    "status": {
      "data_source_runs": {
        "status_code": 201,
        "data": null,
        "table": "data_source_runs",
        "rows": 2
      },
      "data_asset_status": {
        "status_code": 200,
        "data": null,
        "table": "data_asset_status",
        "rows": 3
      },
      "symbol_data_coverage": {
        "table": "symbol_data_coverage",
        "status": "skipped",
        "rows": 0
      }
    }
  },
  "publish_failures": [],
  "rows": {
    "macro_series_catalog": 17,
    "macro_observations": 15753,
    "macro_daily": 27863
  }
}
