data_ops_alert={"context": {"late_row_count": 5, "sample": [{"availability_source": "bls_unrate_release_calendar_v1_scheduled_calendar_v1", "availability_status": "late_missing_observation", "observation_period": "2025-10", "scheduled_release_timestamp_utc": "2025-11-20T13:30:00+00:00", "series_key": "CIVPART"}, {"availability_source": "bls_cpi_release_calendar_v1_scheduled_calendar_v1", "availability_status": "late_missing_observation", "observation_period": "2025-10", "scheduled_release_timestamp_utc": "2025-12-18T13:30:00+00:00", "series_key": "CPI_Core"}, {"availability_source": "bls_cpi_release_calendar_v1_scheduled_calendar_v1", "availability_status": "late_missing_observation", "observation_period": "2025-10", "scheduled_release_timestamp_utc": "2025-12-18T13:30:00+00:00", "series_key": "CPI_Headline"}, {"availability_source": "bls_unrate_release_calendar_v1_scheduled_calendar_v1", "availability_status": "late_missing_observation", "observation_period": "2025-10", "scheduled_release_timestamp_utc": "2025-11-20T13:30:00+00:00", "series_key": "U6RATE"}, {"availability_source": "bls_unrate_release_calendar_v1_scheduled_calendar_v1", "availability_status": "late_missing_observation", "observation_period": "2025-10", "scheduled_release_timestamp_utc": "2025-11-20T13:30:00+00:00", "series_key": "UNRATE"}], "series_keys": ["CIVPART", "CPI_Core", "CPI_Headline", "U6RATE", "UNRATE"]}, "created_at": "2026-04-16T22:08:35.450921+00:00", "message": "Economic release availability lag exceeds grace window.", "run_id": "run_dataops_release_calendar_daily_a5393cab7c48", "severity": "warning"}
{
  "flow_run_id": "run_dataops_release_calendar_daily_a5393cab7c48",
  "window": {
    "start_date": "2020-01-01",
    "end_date": "2026-04-13"
  },
  "release_calendar_daily": {
    "run_id": "run_release_calendar_daily_a8c8f200eccc",
    "asset_name": "economic_release_calendar",
    "status": "partial",
    "started_at": "2026-04-16T22:07:29.763812+00:00",
    "ended_at": "2026-04-16T22:08:35.448232+00:00",
    "symbols_requested": [
      "CPI_Headline",
      "CPI_Core",
      "UNRATE",
      "U6RATE",
      "CIVPART",
      "ICSA"
    ],
    "symbols_succeeded": [
      "CIVPART",
      "CPI_Core",
      "CPI_Headline",
      "ICSA",
      "U6RATE",
      "UNRATE"
    ],
    "symbols_failed": [],
    "retry_exhausted_symbols": [],
    "rows_written": 703,
    "error_messages": [
      "late_missing_observation_rows=5"
    ]
  },
  "availability_anomalies": {
    "late_row_count": 5,
    "series_keys": [
      "CIVPART",
      "CPI_Core",
      "CPI_Headline",
      "U6RATE",
      "UNRATE"
    ],
    "sample": [
      {
        "series_key": "CIVPART",
        "observation_period": "2025-10",
        "scheduled_release_timestamp_utc": "2025-11-20T13:30:00+00:00",
        "availability_status": "late_missing_observation",
        "availability_source": "bls_unrate_release_calendar_v1_scheduled_calendar_v1"
      },
      {
        "series_key": "CPI_Core",
        "observation_period": "2025-10",
        "scheduled_release_timestamp_utc": "2025-12-18T13:30:00+00:00",
        "availability_status": "late_missing_observation",
        "availability_source": "bls_cpi_release_calendar_v1_scheduled_calendar_v1"
      },
      {
        "series_key": "CPI_Headline",
        "observation_period": "2025-10",
        "scheduled_release_timestamp_utc": "2025-12-18T13:30:00+00:00",
        "availability_status": "late_missing_observation",
        "availability_source": "bls_cpi_release_calendar_v1_scheduled_calendar_v1"
      },
      {
        "series_key": "U6RATE",
        "observation_period": "2025-10",
        "scheduled_release_timestamp_utc": "2025-11-20T13:30:00+00:00",
        "availability_status": "late_missing_observation",
        "availability_source": "bls_unrate_release_calendar_v1_scheduled_calendar_v1"
      },
      {
        "series_key": "UNRATE",
        "observation_period": "2025-10",
        "scheduled_release_timestamp_utc": "2025-11-20T13:30:00+00:00",
        "availability_status": "late_missing_observation",
        "availability_source": "bls_unrate_release_calendar_v1_scheduled_calendar_v1"
      }
    ]
  },
  "asset_status": [
    {
      "asset_key": "economic_release_calendar",
      "asset_type": "release_calendar",
      "provider": "mixed_alfred_fred_dol",
      "last_success_at": "2026-04-16T12:30:00+00:00",
      "last_available_date": "2026-04-16",
      "freshness_status": "partial",
      "coverage_status": "partial",
      "reason": "rows_written=703; run_id=run_release_calendar_daily_a8c8f200eccc; errors=late_missing_observation_rows=5",
      "updated_at": "2026-04-16T22:08:35.451168+00:00"
    },
    {
      "asset_key": "mv_latest_economic_release_calendar",
      "asset_type": "derived",
      "provider": "data_ops",
      "last_success_at": "2026-04-16T12:30:00+00:00",
      "last_available_date": "2026-04-16",
      "freshness_status": "partial",
      "coverage_status": "partial",
      "reason": "rows_written=703; run_id=run_dataops_release_calendar_daily_a5393cab7c48_mv_latest_economic_release_calendar; errors=late_missing_observation_rows=5",
      "updated_at": "2026-04-16T22:08:35.451168+00:00"
    },
    {
      "asset_key": "data_ops_publish_pipeline_release_calendar",
      "asset_type": "pipeline",
      "provider": "data_ops",
      "last_success_at": "2026-04-16T22:08:36.958793+00:00",
      "last_available_date": "2026-04-16",
      "freshness_status": "fresh",
      "coverage_status": "fresh",
      "reason": "success; run_id=run_dataops_release_calendar_daily_a5393cab7c48",
      "updated_at": "2026-04-16T22:08:36.958823+00:00"
    }
  ],
  "published": {
    "release_calendar": {
      "economic_release_calendar": {
        "status_code": 201,
        "data": null,
        "table": "economic_release_calendar",
        "rows": 703
      },
      "mv_latest_economic_release_calendar": {
        "status_code": 204,
        "data": null
      }
    },
    "status": {
      "data_source_runs": {
        "status_code": 201,
        "data": null,
        "table": "data_source_runs",
        "rows": 2
      },
      "data_asset_status": {
        "status_code": 200,
        "data": null,
        "table": "data_asset_status",
        "rows": 3
      },
      "symbol_data_coverage": {
        "table": "symbol_data_coverage",
        "status": "skipped",
        "rows": 0
      }
    }
  },
  "publish_failures": [],
  "rows": {
    "economic_release_calendar": 703
  }
}
