Traceback (most recent call last):
  File "/home/franciscosantos/finance-data-ops/scripts/check_release_calendar_parity.py", line 225, in <module>
    raise SystemExit(main())
                     ^^^^^^
  File "/home/franciscosantos/finance-data-ops/scripts/check_release_calendar_parity.py", line 117, in main
    canonical = pd.read_parquet(canonical_path)
                ^^^^^^^^^^^^^^^^^^^^^^^^^^^^^^^
  File "/home/franciscosantos/finance-data-ops/.venv/lib/python3.12/site-packages/pandas/io/parquet.py", line 671, in read_parquet
    return impl.read(
           ^^^^^^^^^^
  File "/home/franciscosantos/finance-data-ops/.venv/lib/python3.12/site-packages/pandas/io/parquet.py", line 253, in read
    path_or_handle, handles, filesystem = _get_path_or_handle(
                                          ^^^^^^^^^^^^^^^^^^^^
  File "/home/franciscosantos/finance-data-ops/.venv/lib/python3.12/site-packages/pandas/io/parquet.py", line 141, in _get_path_or_handle
    handles = get_handle(
              ^^^^^^^^^^^
  File "/home/franciscosantos/finance-data-ops/.venv/lib/python3.12/site-packages/pandas/io/common.py", line 935, in get_handle
    handle = open(handle, ioargs.mode)
             ^^^^^^^^^^^^^^^^^^^^^^^^^
FileNotFoundError: [Errno 2] No such file or directory: '/home/franciscosantos/finance-data-ops/data_cache/economic_release_calendar.parquet'
