{
  "run_id": "run_dataops_earnings_daily_72f1e41ebeed",
  "cache_root": "/home/franciscosantos/finance-data-ops/data_cache",
  "symbols": [
    "ADBE",
    "PANW",
    "ORCL",
    "SPY"
  ],
  "refresh": {
    "earnings_daily": {
      "run_id": "run_earnings_daily_81e1744b2800",
      "asset_name": "market_earnings",
      "status": "partial",
      "started_at": "2026-04-18T21:47:27.049537+00:00",
      "ended_at": "2026-04-18T21:47:33.894439+00:00",
      "symbols_requested": [
        "ADBE",
        "PANW",
        "ORCL",
        "SPY"
      ],
      "symbols_succeeded": [
        "ADBE",
        "PANW",
        "ORCL"
      ],
      "symbols_failed": [
        "SPY"
      ],
      "retry_exhausted_symbols": [],
      "rows_written": 256,
      "error_messages": [
        "SPY: RuntimeError('SPY: provider returned zero earnings rows')"
      ]
    }
  },
  "coverage": {
    "status": "partial",
    "required_count": 4,
    "present_count": 3,
    "coverage_ratio": 0.75,
    "missing_symbols": [
      "SPY"
    ]
  },
  "asset_status": [
    {
      "asset_key": "market_earnings_events",
      "asset_type": "earnings",
      "provider": "yahoo_finance",
      "last_success_at": "2026-04-18T21:47:30.680522+00:00",
      "last_available_date": "2026-06-11",
      "freshness_status": "partial",
      "coverage_status": "partial",
      "reason": "rows=3; run_id=run_earnings_daily_81e1744b2800; errors=SPY: RuntimeError('SPY: provider returned zero earnings rows')",
      "updated_at": "2026-04-18T21:47:34.406148+00:00"
    },
    {
      "asset_key": "market_earnings_history",
      "asset_type": "earnings",
      "provider": "yahoo_finance",
      "last_success_at": "2026-03-12T00:00:00",
      "last_available_date": "2026-03-12",
      "freshness_status": "fresh",
      "coverage_status": "fresh",
      "reason": "rows=323; run_id=market_earnings_history_build",
      "updated_at": "2026-04-18T21:47:34.406148+00:00"
    },
    {
      "asset_key": "mv_next_earnings",
      "asset_type": "derived",
      "provider": "data_ops",
      "last_success_at": "2026-04-18T21:47:33.914533+00:00",
      "last_available_date": "2026-06-11",
      "freshness_status": "fresh",
      "coverage_status": "fresh",
      "reason": "rows=3; run_id=run_dataops_earnings_daily_72f1e41ebeed_mv_next_earnings",
      "updated_at": "2026-04-18T21:47:34.406148+00:00"
    },
    {
      "asset_key": "data_ops_publish_pipeline_earnings",
      "asset_type": "pipeline",
      "provider": "data_ops",
      "last_success_at": "2026-04-18T21:47:35.484650+00:00",
      "last_available_date": "2026-06-11",
      "freshness_status": "fresh",
      "coverage_status": "fresh",
      "reason": "success; run_id=run_dataops_earnings_daily_72f1e41ebeed",
      "updated_at": "2026-04-18T21:47:35.484650+00:00"
    }
  ],
  "published": {
    "earnings": {
      "market_earnings_events": {
        "status_code": 201,
        "data": null,
        "table": "market_earnings_events",
        "rows": 3
      },
      "market_earnings_history": {
        "status_code": 201,
        "data": null,
        "table": "market_earnings_history",
        "rows": 323
      },
      "mv_next_earnings": {
        "status_code": 204,
        "data": null
      }
    },
    "status": {
      "data_source_runs": {
        "status_code": 201,
        "data": null,
        "table": "data_source_runs",
        "rows": 2
      },
      "data_asset_status": {
        "status_code": 200,
        "data": null,
        "table": "data_asset_status",
        "rows": 4
      },
      "symbol_data_coverage": {
        "status_code": 200,
        "data": null,
        "table": "symbol_data_coverage",
        "rows": 4
      }
    }
  },
  "publish_failures": [],
  "rows": {
    "market_earnings_events": 3,
    "market_earnings_history": 323,
    "mv_next_earnings": 3
  },
  "execution": {
    "domain": "earnings",
    "mode": "normal",
    "start_date": "2026-04-04",
    "end_date": "2026-04-18",
    "expected_end_date": "2026-04-18",
    "latest_complete_canonical_date": "2026-02-25",
    "gap_exists": false,
    "missing_dates_count": 0,
    "earliest_missing_date": null,
    "safety_overlap_days": 14,
    "canonical_source": "supabase",
    "table_name": "market_earnings_history",
    "date_column": "earnings_date",
    "resolved_history_limit": 100
  }
}
