{
  "run_id": "run_dataops_market_daily_4dd9d77b02e2",
  "run_date": "2026-04-18",
  "cache_root": "/home/franciscosantos/finance-data-ops/data_cache",
  "symbols": [
    "WBC.AX",
    "WOW.AX",
    "NTES",
    "ANZ.AX"
  ],
  "refresh": {
    "market_daily": {
      "run_id": "run_market_daily_f5d89416ad07",
      "asset_name": "market_price_daily",
      "status": "fresh",
      "started_at": "2026-04-18T21:35:09.057594+00:00",
      "ended_at": "2026-04-18T21:35:11.488524+00:00",
      "symbols_requested": [
        "WBC.AX",
        "WOW.AX",
        "NTES",
        "ANZ.AX"
      ],
      "symbols_succeeded": [
        "WBC.AX",
        "WOW.AX",
        "NTES",
        "ANZ.AX"
      ],
      "symbols_failed": [],
      "retry_exhausted_symbols": [],
      "rows_written": 26551,
      "error_messages": []
    },
    "quotes_latest": {
      "run_id": "run_quotes_latest_56e9a773f141",
      "asset_name": "market_quotes",
      "status": "fresh",
      "started_at": "2026-04-18T21:35:11.488724+00:00",
      "ended_at": "2026-04-18T21:35:16.849225+00:00",
      "symbols_requested": [
        "WBC.AX",
        "WOW.AX",
        "NTES",
        "ANZ.AX"
      ],
      "symbols_succeeded": [
        "ANZ.AX",
        "NTES",
        "WBC.AX",
        "WOW.AX"
      ],
      "symbols_failed": [],
      "retry_exhausted_symbols": [],
      "rows_written": 4,
      "error_messages": []
    }
  },
  "coverage": {
    "status": "fresh",
    "required_count": 4,
    "present_count": 4,
    "coverage_ratio": 1.0,
    "missing_symbols": []
  },
  "asset_status": [
    {
      "asset_key": "market_price_daily",
      "asset_type": "market_data",
      "provider": "yahoo_finance",
      "last_success_at": "2026-04-17T00:00:00",
      "last_available_date": "2026-04-17",
      "freshness_status": "fresh",
      "coverage_status": "fresh",
      "reason": "rows=50698; run_id=run_market_daily_f5d89416ad07",
      "updated_at": "2026-04-18T21:35:17.253487+00:00"
    },
    {
      "asset_key": "market_quotes",
      "asset_type": "market_data",
      "provider": "yahoo_finance",
      "last_success_at": "2026-04-17T04:00:00+00:00",
      "last_available_date": "2026-04-17",
      "freshness_status": "stale_within_tolerance",
      "coverage_status": "fresh",
      "reason": "rows=4; run_id=run_quotes_latest_56e9a773f141",
      "updated_at": "2026-04-18T21:35:17.253487+00:00"
    },
    {
      "asset_key": "ticker_market_stats_snapshot",
      "asset_type": "derived",
      "provider": "data_ops",
      "last_success_at": "2026-04-18T21:35:17.230207+00:00",
      "last_available_date": "2026-04-18",
      "freshness_status": "fresh",
      "coverage_status": "fresh",
      "reason": "rows=12; run_id=ticker_market_stats_snapshot_build",
      "updated_at": "2026-04-18T21:35:17.253487+00:00"
    },
    {
      "asset_key": "data_ops_publish_pipeline",
      "asset_type": "pipeline",
      "provider": "data_ops",
      "last_success_at": "2026-04-18T21:35:28.640041+00:00",
      "last_available_date": "2026-04-18",
      "freshness_status": "fresh",
      "coverage_status": "fresh",
      "reason": "success; run_id=run_dataops_market_daily_4dd9d77b02e2",
      "updated_at": "2026-04-18T21:35:28.640041+00:00"
    }
  ],
  "published": {
    "prices": {
      "market_price_daily": {
        "status_code": 201,
        "data": null,
        "table": "market_price_daily",
        "rows": 50698
      },
      "market_quotes": {
        "status_code": 201,
        "data": null,
        "table": "market_quotes",
        "rows": 4
      },
      "market_quotes_history": {
        "status_code": 201,
        "data": null,
        "table": "market_quotes_history",
        "rows": 4
      },
      "mv_latest_prices": {
        "status_code": 204,
        "data": null
      }
    },
    "product_metrics": {
      "status_code": 201,
      "data": null,
      "table": "ticker_market_stats_snapshot",
      "rows": 12
    },
    "status": {
      "data_source_runs": {
        "status_code": 201,
        "data": null,
        "table": "data_source_runs",
        "rows": 3
      },
      "data_asset_status": {
        "status_code": 200,
        "data": null,
        "table": "data_asset_status",
        "rows": 4
      },
      "symbol_data_coverage": {
        "status_code": 201,
        "data": null,
        "table": "symbol_data_coverage",
        "rows": 4
      }
    }
  },
  "publish_failures": [],
  "rows": {
    "market_price_daily": 50698,
    "market_quotes": 4,
    "ticker_market_stats_snapshot": 12
  },
  "execution": {
    "domain": "market",
    "mode": "normal",
    "start_date": "2000-01-01",
    "end_date": "2026-04-18",
    "expected_end_date": "2026-04-18",
    "latest_complete_canonical_date": "2026-04-17",
    "gap_exists": false,
    "missing_dates_count": 0,
    "earliest_missing_date": null,
    "safety_overlap_days": 2,
    "canonical_source": "supabase",
    "table_name": "market_price_daily",
    "date_column": "date"
  }
}
